# JRE version: OpenJDK Runtime Environment (21.0.6) (build 21.0.6+-13391695-b895.109)
# Java VM: OpenJDK 64-Bit Server VM (21.0.6+-13391695-b895.109, mixed mode, tiered, compressed oops, compressed class ptrs, g1 gc, windows-amd64)
GC Precious Log:
 CardTable entry size: 512
 Card Set container configuration: InlinePtr #cards 5 size 8 Array Of Cards #cards 12 size 40 Howl #buckets 4 coarsen threshold 1843 Howl Bitmap #cards 512 size 80 coarsen threshold 460 Card regions per heap region 1 cards per card region 2048
 CPUs: 8 total, 8 available
 Memory: 16122M
 Large Page Support: Disabled
 NUMA Support: Disabled
 Compressed Oops: Enabled (32-bit)
 Heap Region Size: 1M
 Heap Min Capacity: 8M
 Heap Initial Capacity: 252M
 Heap Max Capacity: 2G
 Pre-touch: Disabled
 Parallel Workers: 8
 Concurrent Workers: 2
 Concurrent Refinement Workers: 8
 Periodic GC: Disabled
Heap:
 garbage-first heap   total 116736K, used 72250K [0x0000000080000000, 0x0000000100000000)
  region size 1024K, 11 young (11264K), 3 survivors (3072K)
 Metaspace       used 48177K, committed 49536K, reserved 1114112K
  class space    used 6479K, committed 7168K, reserved 1048576K
GC Heap History (18 events):
Event: 0.405 GC heap before
{Heap before GC invocations=0 (full 0):
 garbage-first heap   total 258048K, used 22528K [0x0000000080000000, 0x0000000100000000)
  region size 1024K, 23 young (23552K), 0 survivors (0K)
 Metaspace       used 7443K, committed 7552K, reserved 1114112K
  class space    used 667K, committed 704K, reserved 1048576K
}
Event: 0.407 GC heap after
{Heap after GC invocations=1 (full 0):
 garbage-first heap   total 258048K, used 1535K [0x0000000080000000, 0x0000000100000000)
  region size 1024K, 2 young (2048K), 2 survivors (2048K)
 Metaspace       used 7443K, committed 7552K, reserved 1114112K
  class space    used 667K, committed 704K, reserved 1048576K
}
Event: 0.975 GC heap before
{Heap before GC invocations=1 (full 0):
 garbage-first heap   total 258048K, used 42495K [0x0000000080000000, 0x0000000100000000)
  region size 1024K, 39 young (39936K), 2 survivors (2048K)
 Metaspace       used 12400K, committed 12608K, reserved 1114112K
  class space    used 1312K, committed 1408K, reserved 1048576K
}
Event: 0.979 GC heap after
{Heap after GC invocations=2 (full 0):
 garbage-first heap   total 258048K, used 11919K [0x0000000080000000, 0x0000000100000000)
  region size 1024K, 5 young (5120K), 5 survivors (5120K)
 Metaspace       used 12400K, committed 12608K, reserved 1114112K
  class space    used 1312K, committed 1408K, reserved 1048576K
}
Event: 2.004 GC heap before
{Heap before GC invocations=2 (full 0):
 garbage-first heap   total 258048K, used 87695K [0x0000000080000000, 0x0000000100000000)
  region size 1024K, 79 young (80896K), 5 survivors (5120K)
 Metaspace       used 21144K, committed 21504K, reserved 1114112K
  class space    used 2403K, committed 2560K, reserved 1048576K
}
Event: 2.012 GC heap after
{Heap after GC invocations=3 (full 0):
 garbage-first heap   total 258048K, used 21243K [0x0000000080000000, 0x0000000100000000)
  region size 1024K, 14 young (14336K), 14 survivors (14336K)
 Metaspace       used 21144K, committed 21504K, reserved 1114112K
  class space    used 2403K, committed 2560K, reserved 1048576K
}
Event: 2.380 GC heap before
{Heap before GC invocations=4 (full 0):
 garbage-first heap   total 75776K, used 51963K [0x0000000080000000, 0x0000000100000000)
  region size 1024K, 44 young (45056K), 14 survivors (14336K)
 Metaspace       used 26258K, committed 26752K, reserved 1114112K
  class space    used 3129K, committed 3328K, reserved 1048576K
}
Event: 2.387 GC heap after
{Heap after GC invocations=5 (full 0):
 garbage-first heap   total 75776K, used 23006K [0x0000000080000000, 0x0000000100000000)
  region size 1024K, 3 young (3072K), 3 survivors (3072K)
 Metaspace       used 26258K, committed 26752K, reserved 1114112K
  class space    used 3129K, committed 3328K, reserved 1048576K
}
Event: 2.855 GC heap before
{Heap before GC invocations=5 (full 0):
 garbage-first heap   total 75776K, used 59870K [0x0000000080000000, 0x0000000100000000)
  region size 1024K, 38 young (38912K), 3 survivors (3072K)
 Metaspace       used 31830K, committed 32576K, reserved 1114112K
  class space    used 3933K, committed 4288K, reserved 1048576K
}
Event: 2.859 GC heap after
{Heap after GC invocations=6 (full 0):
 garbage-first heap   total 75776K, used 25244K [0x0000000080000000, 0x0000000100000000)
  region size 1024K, 4 young (4096K), 4 survivors (4096K)
 Metaspace       used 31830K, committed 32576K, reserved 1114112K
  class space    used 3933K, committed 4288K, reserved 1048576K
}
Event: 3.269 GC heap before
{Heap before GC invocations=6 (full 0):
 garbage-first heap   total 75776K, used 48796K [0x0000000080000000, 0x0000000100000000)
  region size 1024K, 29 young (29696K), 4 survivors (4096K)
 Metaspace       used 35206K, committed 35968K, reserved 1114112K
  class space    used 4463K, committed 4864K, reserved 1048576K
}
Event: 3.274 GC heap after
{Heap after GC invocations=7 (full 0):
 garbage-first heap   total 75776K, used 26977K [0x0000000080000000, 0x0000000100000000)
  region size 1024K, 4 young (4096K), 4 survivors (4096K)
 Metaspace       used 35206K, committed 35968K, reserved 1114112K
  class space    used 4463K, committed 4864K, reserved 1048576K
}
Event: 3.742 GC heap before
{Heap before GC invocations=8 (full 0):
 garbage-first heap   total 88064K, used 86369K [0x0000000080000000, 0x0000000100000000)
  region size 1024K, 36 young (36864K), 4 survivors (4096K)
 Metaspace       used 38921K, committed 39936K, reserved 1114112K
  class space    used 5122K, committed 5632K, reserved 1048576K
}
Event: 3.747 GC heap after
{Heap after GC invocations=9 (full 0):
 garbage-first heap   total 97280K, used 59509K [0x0000000080000000, 0x0000000100000000)
  region size 1024K, 5 young (5120K), 5 survivors (5120K)
 Metaspace       used 38921K, committed 39936K, reserved 1114112K
  class space    used 5122K, committed 5632K, reserved 1048576K
}
Event: 4.122 GC heap before
{Heap before GC invocations=9 (full 0):
 garbage-first heap   total 97280K, used 85109K [0x0000000080000000, 0x0000000100000000)
  region size 1024K, 30 young (30720K), 5 survivors (5120K)
 Metaspace       used 41898K, committed 43072K, reserved 1114112K
  class space    used 5574K, committed 6144K, reserved 1048576K
}
Event: 4.125 GC heap after
{Heap after GC invocations=10 (full 0):
 garbage-first heap   total 116736K, used 63391K [0x0000000080000000, 0x0000000100000000)
  region size 1024K, 3 young (3072K), 3 survivors (3072K)
 Metaspace       used 41898K, committed 43072K, reserved 1114112K
  class space    used 5574K, committed 6144K, reserved 1048576K
}
Event: 4.709 GC heap before
{Heap before GC invocations=10 (full 0):
 garbage-first heap   total 116736K, used 100255K [0x0000000080000000, 0x0000000100000000)
  region size 1024K, 40 young (40960K), 3 survivors (3072K)
 Metaspace       used 46665K, committed 48128K, reserved 1114112K
  class space    used 6372K, committed 7104K, reserved 1048576K
}
Event: 4.714 GC heap after
{Heap after GC invocations=11 (full 0):
 garbage-first heap   total 116736K, used 66106K [0x0000000080000000, 0x0000000100000000)
  region size 1024K, 3 young (3072K), 3 survivors (3072K)
 Metaspace       used 46665K, committed 48128K, reserved 1114112K
  class space    used 6372K, committed 7104K, reserved 1048576K
}

