# JRE version: OpenJDK Runtime Environment (21.0.6) (build 21.0.6+-13391695-b895.109)
# Java VM: OpenJDK 64-Bit Server VM (21.0.6+-13391695-b895.109, mixed mode, tiered, compressed oops, compressed class ptrs, g1 gc, windows-amd64)
GC Precious Log:
 CardTable entry size: 512
 Card Set container configuration: InlinePtr #cards 5 size 8 Array Of Cards #cards 12 size 40 Howl #buckets 4 coarsen threshold 1843 Howl Bitmap #cards 512 size 80 coarsen threshold 460 Card regions per heap region 1 cards per card region 2048
 CPUs: 8 total, 8 available
 Memory: 16122M
 Large Page Support: Disabled
 NUMA Support: Disabled
 Compressed Oops: Enabled (32-bit)
 Heap Region Size: 1M
 Heap Min Capacity: 8M
 Heap Initial Capacity: 252M
 Heap Max Capacity: 2G
 Pre-touch: Disabled
 Parallel Workers: 8
 Concurrent Workers: 2
 Concurrent Refinement Workers: 8
 Periodic GC: Disabled
Heap:
 garbage-first heap   total 478208K, used 298723K [0x0000000080000000, 0x0000000100000000)
  region size 1024K, 16 young (16384K), 3 survivors (3072K)
 Metaspace       used 174081K, committed 176512K, reserved 1245184K
  class space    used 21777K, committed 22976K, reserved 1048576K
GC Heap History (20 events):
Event: 350.877 GC heap before
{Heap before GC invocations=51 (full 0):
 garbage-first heap   total 326656K, used 289097K [0x0000000080000000, 0x0000000100000000)
  region size 1024K, 81 young (82944K), 12 survivors (12288K)
 Metaspace       used 148434K, committed 150720K, reserved 1179648K
  class space    used 19078K, committed 20224K, reserved 1048576K
}
Event: 350.886 GC heap after
{Heap after GC invocations=52 (full 0):
 garbage-first heap   total 326656K, used 225395K [0x0000000080000000, 0x0000000100000000)
  region size 1024K, 6 young (6144K), 6 survivors (6144K)
 Metaspace       used 148434K, committed 150720K, reserved 1179648K
  class space    used 19078K, committed 20224K, reserved 1048576K
}
Event: 351.701 GC heap before
{Heap before GC invocations=53 (full 0):
 garbage-first heap   total 377856K, used 294003K [0x0000000080000000, 0x0000000100000000)
  region size 1024K, 74 young (75776K), 6 survivors (6144K)
 Metaspace       used 149303K, committed 151616K, reserved 1245184K
  class space    used 19165K, committed 20288K, reserved 1048576K
}
Event: 351.708 GC heap after
{Heap after GC invocations=54 (full 0):
 garbage-first heap   total 377856K, used 229236K [0x0000000080000000, 0x0000000100000000)
  region size 1024K, 10 young (10240K), 10 survivors (10240K)
 Metaspace       used 149303K, committed 151616K, reserved 1245184K
  class space    used 19165K, committed 20288K, reserved 1048576K
}
Event: 352.138 GC heap before
{Heap before GC invocations=54 (full 0):
 garbage-first heap   total 377856K, used 337780K [0x0000000080000000, 0x0000000100000000)
  region size 1024K, 116 young (118784K), 10 survivors (10240K)
 Metaspace       used 149540K, committed 151808K, reserved 1245184K
  class space    used 19165K, committed 20288K, reserved 1048576K
}
Event: 352.164 GC heap after
{Heap after GC invocations=55 (full 0):
 garbage-first heap   total 394240K, used 272384K [0x0000000080000000, 0x0000000100000000)
  region size 1024K, 15 young (15360K), 15 survivors (15360K)
 Metaspace       used 149540K, committed 151808K, reserved 1245184K
  class space    used 19165K, committed 20288K, reserved 1048576K
}
Event: 353.083 GC heap before
{Heap before GC invocations=55 (full 0):
 garbage-first heap   total 394240K, used 325632K [0x0000000080000000, 0x0000000100000000)
  region size 1024K, 68 young (69632K), 15 survivors (15360K)
 Metaspace       used 155190K, committed 157440K, reserved 1245184K
  class space    used 19679K, committed 20800K, reserved 1048576K
}
Event: 353.095 GC heap after
{Heap after GC invocations=56 (full 0):
 garbage-first heap   total 394240K, used 281072K [0x0000000080000000, 0x0000000100000000)
  region size 1024K, 7 young (7168K), 7 survivors (7168K)
 Metaspace       used 155190K, committed 157440K, reserved 1245184K
  class space    used 19679K, committed 20800K, reserved 1048576K
}
Event: 354.222 GC heap before
{Heap before GC invocations=57 (full 0):
 garbage-first heap   total 404480K, used 312816K [0x0000000080000000, 0x0000000100000000)
  region size 1024K, 77 young (78848K), 7 survivors (7168K)
 Metaspace       used 160890K, committed 163200K, reserved 1245184K
  class space    used 20408K, committed 21568K, reserved 1048576K
}
Event: 354.230 GC heap after
{Heap after GC invocations=58 (full 0):
 garbage-first heap   total 404480K, used 253392K [0x0000000080000000, 0x0000000100000000)
  region size 1024K, 10 young (10240K), 10 survivors (10240K)
 Metaspace       used 160890K, committed 163200K, reserved 1245184K
  class space    used 20408K, committed 21568K, reserved 1048576K
}
Event: 354.944 GC heap before
{Heap before GC invocations=58 (full 0):
 garbage-first heap   total 404480K, used 348624K [0x0000000080000000, 0x0000000100000000)
  region size 1024K, 103 young (105472K), 10 survivors (10240K)
 Metaspace       used 165981K, committed 168320K, reserved 1245184K
  class space    used 20905K, committed 22080K, reserved 1048576K
}
Event: 354.958 GC heap after
{Heap after GC invocations=59 (full 0):
 garbage-first heap   total 404480K, used 262144K [0x0000000080000000, 0x0000000100000000)
  region size 1024K, 13 young (13312K), 13 survivors (13312K)
 Metaspace       used 165981K, committed 168320K, reserved 1245184K
  class space    used 20905K, committed 22080K, reserved 1048576K
}
Event: 355.004 GC heap before
{Heap before GC invocations=59 (full 0):
 garbage-first heap   total 404480K, used 286720K [0x0000000080000000, 0x0000000100000000)
  region size 1024K, 38 young (38912K), 13 survivors (13312K)
 Metaspace       used 165985K, committed 168320K, reserved 1245184K
  class space    used 20905K, committed 22080K, reserved 1048576K
}
Event: 355.013 GC heap after
{Heap after GC invocations=60 (full 0):
 garbage-first heap   total 404480K, used 277025K [0x0000000080000000, 0x0000000100000000)
  region size 1024K, 13 young (13312K), 13 survivors (13312K)
 Metaspace       used 165985K, committed 168320K, reserved 1245184K
  class space    used 20905K, committed 22080K, reserved 1048576K
}
Event: 355.558 GC heap before
{Heap before GC invocations=61 (full 0):
 garbage-first heap   total 464896K, used 346657K [0x0000000080000000, 0x0000000100000000)
  region size 1024K, 79 young (80896K), 13 survivors (13312K)
 Metaspace       used 166120K, committed 168448K, reserved 1245184K
  class space    used 20906K, committed 22080K, reserved 1048576K
}
Event: 355.573 GC heap after
{Heap after GC invocations=62 (full 0):
 garbage-first heap   total 464896K, used 297984K [0x0000000080000000, 0x0000000100000000)
  region size 1024K, 10 young (10240K), 10 survivors (10240K)
 Metaspace       used 166120K, committed 168448K, reserved 1245184K
  class space    used 20906K, committed 22080K, reserved 1048576K
}
Event: 357.149 GC heap before
{Heap before GC invocations=62 (full 0):
 garbage-first heap   total 464896K, used 392192K [0x0000000080000000, 0x0000000100000000)
  region size 1024K, 100 young (102400K), 10 survivors (10240K)
 Metaspace       used 170671K, committed 173056K, reserved 1245184K
  class space    used 21305K, committed 22464K, reserved 1048576K
}
Event: 357.163 GC heap after
{Heap after GC invocations=63 (full 0):
 garbage-first heap   total 464896K, used 312832K [0x0000000080000000, 0x0000000100000000)
  region size 1024K, 13 young (13312K), 13 survivors (13312K)
 Metaspace       used 170671K, committed 173056K, reserved 1245184K
  class space    used 21305K, committed 22464K, reserved 1048576K
}
Event: 357.643 GC heap before
{Heap before GC invocations=63 (full 0):
 garbage-first heap   total 464896K, used 346624K [0x0000000080000000, 0x0000000100000000)
  region size 1024K, 47 young (48128K), 13 survivors (13312K)
 Metaspace       used 173186K, committed 175616K, reserved 1245184K
  class space    used 21650K, committed 22848K, reserved 1048576K
}
Event: 357.649 GC heap after
{Heap after GC invocations=64 (full 0):
 garbage-first heap   total 464896K, used 317155K [0x0000000080000000, 0x0000000100000000)
  region size 1024K, 3 young (3072K), 3 survivors (3072K)
 Metaspace       used 173186K, committed 175616K, reserved 1245184K
  class space    used 21650K, committed 22848K, reserved 1048576K
}

